boot.js:18 A preload for 'https://lodash.com/vendor/cdn.jsdelivr.net/fontawesome/4.7.0/css/font-awesome.min.css' is found, but is not used because the request credentials mode does not match. Consider taking a look at crossorigin attribute.
addStyleSheet @ boot.js:18
(anonymous) @ boot.js:31
(anonymous) @ boot.js:65
The resource https://lodash.com/vendor/cdn.jsdelivr.net/fontawesome/4.7.0/css/font-awesome.min.css was preloaded using link preload but not used within a few seconds from the window's load event. Please make sure it has an appropriate `as` value and it is preloaded intentionally.
function cal(random) { return Math.log(1 - random) / -0.05; }
undefined
cal(0.5)
13.862943611198904
Math.log(0.5)
-0.6931471805599453
Math.log(2)
0.6931471805599453
cal(0)
-0
cal(1)
Infinity
cal(0.6)
18.3258146374831
cal(0.1)
2.1072103131565254
cal(0.9)
46.051701859880914
_.times(100, _.random(0.01, 0.99, true))
(100) [undefined, undefined, undefined, undefined, undefined, undefined, undefined, undefined, undefined, undefined, undefined, undefined, undefined, undefined, undefined, undefined, undefined, undefined, undefined, undefined, undefined, undefined, undefined, undefined, undefined, undefined, undefined, undefined, undefined, undefined, undefined, undefined, undefined, undefined, undefined, undefined, undefined, undefined, undefined, undefined, undefined, undefined, undefined, undefined, undefined, undefined, undefined, undefined, undefined, undefined, undefined, undefined, undefined, undefined, undefined, undefined, undefined, undefined, undefined, undefined, undefined, undefined, undefined, undefined, undefined, undefined, undefined, undefined, undefined, undefined, undefined, undefined, undefined, undefined, undefined, undefined, undefined, undefined, undefined, undefined, undefined, undefined, undefined, undefined, undefined, undefined, undefined, undefined, undefined, undefined, undefined, undefined, undefined, undefined, undefined, undefined, undefined, undefined, undefined, undefined]0: undefined1: undefined2: undefined3: undefined4: undefined5: undefined6: undefined7: undefined8: undefined9: undefined10: undefined11: undefined12: undefined13: undefined14: undefined15: undefined16: undefined17: undefined18: undefined19: undefined20: undefined21: undefined22: undefined23: undefined24: undefined25: undefined26: undefined27: undefined28: undefined29: undefined30: undefined31: undefined32: undefined33: undefined34: undefined35: undefined36: undefined37: undefined38: undefined39: undefined40: undefined41: undefined42: undefined43: undefined44: undefined45: undefined46: undefined47: undefined48: undefined49: undefined50: undefined51: undefined52: undefined53: undefined54: undefined55: undefined56: undefined57: undefined58: undefined59: undefined60: undefined61: undefined62: undefined63: undefined64: undefined65: undefined66: undefined67: undefined68: undefined69: undefined70: undefined71: undefined72: undefined73: undefined74: undefined75: undefined76: undefined77: undefined78: undefined79: undefined80: undefined81: undefined82: undefined83: undefined84: undefined85: undefined86: undefined87: undefined88: undefined89: undefined90: undefined91: undefined92: undefined93: undefined94: undefined95: undefined96: undefined97: undefined98: undefined99: undefinedlength: 100__proto__: Array(0)
_.times(100, () => _.random(0.01, 0.99, true))
(100) [0.5599360875042317, 0.10230381963475842, 0.9515926237300723, 0.6194282531338045, 0.7778559662523921, 0.5213971978002979, 0.9848871144980096, 0.6320344295120455, 0.6411663115275916, 0.588965537247789, 0.9392706561451668, 0.337636960037069, 0.18130375079593938, 0.8979010019402295, 0.08249743623232603, 0.7213448207493406, 0.5656486084575123, 0.3215257603442183, 0.13407513835617954, 0.611753950630384, 0.9121175328547759, 0.4537294341380092, 0.9480302808676797, 0.6723345718409804, 0.09399378044008652, 0.23473639471836644, 0.9675072928385313, 0.30388868303095967, 0.2745718208784103, 0.9581914441488725, 0.4271161903374824, 0.5866338782719963, 0.6604171725173522, 0.8445653507309909, 0.014948296430830977, 0.24812050801311888, 0.7346238873506183, 0.20839807943053626, 0.4855674205834113, 0.06338069117362428, 0.8527152783561651, 0.3021346787182561, 0.49016939255098896, 0.5528833059383922, 0.9593046746065246, 0.5778757229996844, 0.8733036969023634, 0.8217883967914319, 0.015073855197110127, 0.6972162429940029, 0.3848471103481677, 0.7490590970732163, 0.1648504522900694, 0.22859540197619996, 0.7108137795056344, 0.8055093588575019, 0.3223194334587043, 0.12523540627781818, 0.8030843320427272, 0.7775527427720492, 0.500232427029265, 0.5204670343393165, 0.4816287259868822, 0.40971365621583195, 0.9810850685502613, 0.10607714643207147, 0.7099687451744737, 0.3923549892231133, 0.5728993640823654, 0.04495885804299287, 0.43171256710549605, 0.6669681672059554, 0.624793673435021, 0.34400266326339024, 0.0724771199179058, 0.4127789828126824, 0.2649497878114981, 0.6607670568074466, 0.8407802525627008, 0.21295420979789637, 0.3633802479421282, 0.8364278805114128, 0.9268070108862014, 0.47464279086605293, 0.04167357756612381, 0.2947126183130095, 0.9364510743809732, 0.390541753668258, 0.30616096771036405, 0.08378804865312105, 0.474690793883506, 0.8235699927546029, 0.26961749933716755, 0.21301908988747853, 0.8876006442336852, 0.668902983256459, 0.2530063765491756, 0.036426374000239646, 0.8051541760403504, 0.18538589414900097]
_.times(100, () => _.random(0.01, 0.99, true)).map(val => cal(val));
(100) [10.158204222939021, 19.923998043435752, 6.136508165658344, 1.0820028320944104, 30.627538319163115, 10.14297422778145, 30.247784364955, 7.199921293017133, 6.010712273384895, 10.76801504204431, 20.501074326263307, 62.70271560664263, 14.204766232762553, 16.84153496323409, 39.201596620338385, 48.282869763562715, 13.045281524889427, 76.55350004457677, 2.0316614178709718, 44.118126174127994, 28.23834460443792, 22.734441488402137, 77.68669054918652, 4.69196852165956, 19.525500354569445, 9.587797998999225, 0.8261768467537363, 7.057586610143511, 25.994656799337587, 1.1377445276878704, 28.983771810782912, 12.612042341533959, 13.964395313564696, 37.76617653952625, 2.46287218363746, 17.66291185807832, 20.903761977079842, 3.4839790130747863, 2.003113321257227, 22.754178215119584, 25.85945294043496, 82.19490407069159, 42.710359619265304, 52.92139393920239, 8.32294742306052, 6.167908409731481, 18.71790192462854, 6.638992053407537, 24.26837650321419, 22.338862704191992, 6.466499844572414, 2.706705242685267, 2.36069755760542, 3.590864696004044, 5.275236265825993, 1.4708108842439083, 19.22431818495833, 5.766383200961098, 22.586423926710726, 33.226144148430684, 5.421619710313206, 18.38747659815614, 16.880237753925524, 2.550568579997352, 18.470414581220933, 7.9432924389503805, 13.415178103296137, 43.37220463382083, 39.087351554492436, 74.21924656735683, 18.365758016573494, 0.6460174925753621, 4.217117755657833, 7.611678447962511, 49.81329487447024, 15.648152449600316, 1.9628695001338698, 3.548827494815147, 20.559759136985214, 45.36028913082492, 19.119174133207313, 4.250491817821847, 8.026295995701485, 11.03938760952389, 23.44552752289941, 12.888469936643899, 21.101203574821795, 19.963782219660047, 7.4613833737091655, 7.3490788699677205, 9.4334165361688, 20.801193179935915, 30.90102948865017, 55.91828013723679, 1.6811907188235697, 15.668207323740532, 31.960956077279405, 15.81488025143138, 6.2317198271179315, 3.3360153749843096]
_.times(100, () => _.random(0.01, 0.99, true)).map(val => cal(val)).reduce((avg, curr, index) => (avg * index + curr) / (index + 1))
18.724080720184357
_.times(10000, () => _.random(0.01, 0.99, true)).map(val => cal(val)).reduce((avg, curr, index) => (avg * index + curr) / (index + 1))
19.401106802885902
_.times(100000, () => _.random(0.01, 0.99, true)).map(val => cal(val)).reduce((avg, curr, index) => (avg * index + curr) / (index + 1))
19.273360419601442
